error: >> [CRITICAL ERROR] Main Script -> init() -- Unable to connect to MongoDB. Check this machine's connectivity to the server.
info: >> Starting server...
error: >> [CRITICAL ERROR] Main Script -> init() -- Unable to connect to MongoDB. Check this machine's connectivity to the server.
info: >> Starting server...
error: >> [CRITICAL ERROR] Main Script -> init() -- Unable to connect to MongoDB. Check this machine's connectivity to the server.
info: >> [NatsInterceptor] -> start() -- Subscribed to test-bus-1 with id 2
info: >> Starting server...
error: >> [CRITICAL ERROR] Main Script -> init() -- Unable to connect to MongoDB. Check this machine's connectivity to the server.
info: >> [NatsInterceptor] -> start() -- Subscribed to test-bus-1 with id 2
info: >> Starting server...
error: >> [CRITICAL ERROR] Main Script -> init() -- Unable to connect to MongoDB. Check this machine's connectivity to the server.
info: >> [NatsInterceptor] -> start() -- Subscribed to test-bus-1 with id 2
info: >> Starting server...
error: >> [CRITICAL ERROR] Main Script -> init() -- Unable to connect to MongoDB. Check this machine's connectivity to the server.
info: >> [NatsInterceptor] -> start() -- Subscribed to test-bus-1 with id 2
info: >> Starting server...
error: >> [CRITICAL ERROR] Main Script -> init() -- Unable to connect to MongoDB. Check this machine's connectivity to the server.
info: >> Starting server...
error: >> [CRITICAL ERROR] Main Script -> init() -- Unable to connect to MongoDB. Check this machine's connectivity to the server.
error: Could not connect to MongoDB; exiting from the program
info: >> Starting server...
info: >> [NatsInterceptor] -> start() -- Subscribed to test-bus-1 with id 2
info: >> Starting server...
info: >> [NatsInterceptor] -> start() -- Subscribed to test-bus-1 with id 2
info: >> Starting server...
info: >> [NatsInterceptor] -> start() -- Subscribed to test-bus-1 with id 2
info: >> Saved 50 requests.
info: >> Saved 100 requests.
info: >> Saved 150 requests.
info: >> Saved 200 requests.
info: >> Saved 250 requests.
info: >> Saved 300 requests.
info: >> Saved 350 requests.
info: >> Saved 400 requests.
info: >> Starting server...
info: >> [NatsInterceptor] -> start() -- Subscribed to test-bus-1 with id 2
info: >> Saved 50 requests.
info: >> Starting server...
info: >> [NatsInterceptor] -> start() -- Subscribed to test-bus-1 with id 2
error: Could not connect to MongoDB; exiting from the program
info: >> Starting server...
info: >> [NatsInterceptor] -> start() -- Subscribed to test-bus-1 with id 2
error: Could not connect to MongoDB; exiting from the program
info: >> Starting server...
info: >> [NatsInterceptor] -> start() -- Subscribed to test-bus-1 with id 2
info: >> Starting server...
info: >> [NatsInterceptor] -> start() -- Subscribed to test-bus-1 with id 2
error: >> ERROR [Main] -> after initConnection() -- error log: 
info: >> Starting server...
info: >> [NatsInterceptor] -> start() -- Subscribed to test-bus-1 with id 2
info: >> Starting server...
info: >> [NatsInterceptor] -> start() -- Subscribed to test-bus-1 with id 2
info: >> Starting server...
info: >> [NatsInterceptor] -> start() -- Subscribed to test-bus-1 with id 2
info: >> Starting server...
info: >> [NatsInterceptor] -> start() -- Subscribed to test-bus-1 with id 2
info: >> Starting server...
info: >> [NatsInterceptor] -> start() -- Subscribed to test-bus-1 with id 2
info: >> Starting server...
info: >> [NatsInterceptor] -> start() -- Subscribed to test-bus-1 with id 2
info: >> Starting server...
info: >> [NatsInterceptor] -> start() -- Subscribed to test-bus-1 with id 2
info: >> Starting server...
info: >> [NatsInterceptor] -> start() -- Subscribed to test-bus-1 with id 2
info: >> Starting server...
info: >> [NatsInterceptor] -> start() -- Subscribed to test-bus-1 with id 2
info: >> Starting server...
info: >> [NatsInterceptor] -> start() -- Subscribed to test-bus-1 with id 2
info: >> Starting server...
info: >> [NatsInterceptor] -> start() -- Subscribed to test-bus-1 with id 2
info: >> Starting server...
info: >> [NatsInterceptor] -> start() -- Subscribed to test-bus-1 with id 2
info: >> Starting server...
info: >> [NatsInterceptor] -> start() -- Subscribed to test-bus-1 with id 2
info: >> Starting server...
info: >> [NatsInterceptor] -> start() -- Subscribed to test-bus-1 with id 2
info: >> Starting server...
info: >> [NatsInterceptor] -> start() -- Subscribed to test-bus-1 with id 2
info: >> Starting server...
info: >> [NatsInterceptor] -> start() -- Subscribed to test-bus-1 with id 2
info: >> Starting server...
info: >> [NatsInterceptor] -> start() -- Subscribed to test-bus-1 with id 2
info: >> Starting server...
info: >> [NatsInterceptor] -> start() -- Subscribed to test-bus-1 with id 2
info: >> Starting server...
info: >> [NatsInterceptor] -> start() -- Subscribed to test-bus-1 with id 2
info: >> Starting server...
info: >> [NatsInterceptor] -> start() -- Subscribed to test-bus-1 with id 2
info: >> Starting server...
info: >> [NatsInterceptor] -> start() -- Subscribed to test-bus-1 with id 2
info: >> Starting server...
info: >> [NatsInterceptor] -> start() -- Subscribed to test-bus-1 with id 2
info: >> Starting server...
info: >> [NatsInterceptor] -> start() -- Subscribed to test-bus-1 with id 2
undefined
undefined
undefined
undefined
info: >> Starting server...
info: >> [NatsInterceptor] -> start() -- Subscribed to test-bus-1 with id 2
